ble_mesh/build/app/intermediates/manifest_merge_blame_file/debug/processDebugMainManifest/manifest-merger-blame-debug-report.txt
1<?xml version="1.0" encoding="utf-8"?>
2<manifest xmlns:android="http://schemas.android.com/apk/res/android"
3    package="com.example.ble_mesh"
4    android:versionCode="1"
5    android:versionName="1.0.0" >
6
7    <uses-sdk
8        android:minSdkVersion="21"
9        android:targetSdkVersion="35" />
10    <!--
11         The INTERNET permission is required for development. Specifically,
12         the Flutter tool needs it to communicate with the running application
13         to allow setting breakpoints, to provide hot reload, etc.
14    -->
15    <uses-permission android:name="android.permission.INTERNET" />
15-->src\debug\AndroidManifest.xml:6:5-66
15-->src\debug\AndroidManifest.xml:6:22-64
16    <uses-permission android:name="android.permission.ACCESS_NETWORK_STATE" /> <!-- required for: `WifiManager.getScanResult` -->
16-->[com.google.firebase:firebase-auth:22.3.0] AndroidManifest.xml:26:5-79
16-->[com.google.firebase:firebase-auth:22.3.0] AndroidManifest.xml:26:22-76
17    <uses-permission android:name="android.permission.ACCESS_WIFI_STATE" /> <!-- required for: `WifiManager.startScan` -->
17-->[:wifi_scan] AndroidManifest.xml:7:5-76
17-->[:wifi_scan] AndroidManifest.xml:7:22-73
18    <uses-permission android:name="android.permission.CHANGE_WIFI_STATE" /> <!-- required for: `WifiManager.getScanResult`, `WifiManager.startScan` -->
18-->[:wifi_scan] AndroidManifest.xml:9:5-76
18-->[:wifi_scan] AndroidManifest.xml:9:22-73
19    <uses-permission android:name="android.permission.ACCESS_COARSE_LOCATION" />
19-->[:wifi_scan] AndroidManifest.xml:11:5-81
19-->[:wifi_scan] AndroidManifest.xml:11:22-78
20    <uses-permission android:name="android.permission.ACCESS_FINE_LOCATION" />
20-->[:wifi_scan] AndroidManifest.xml:12:5-79
20-->[:wifi_scan] AndroidManifest.xml:12:22-76
21
22    <permission
22-->[androidx.core:core:1.13.1] AndroidManifest.xml:22:5-24:47
23        android:name="com.example.ble_mesh.DYNAMIC_RECEIVER_NOT_EXPORTED_PERMISSION"
23-->[androidx.core:core:1.13.1] AndroidManifest.xml:23:9-81
24        android:protectionLevel="signature" />
24-->[androidx.core:core:1.13.1] AndroidManifest.xml:24:9-44
25
26    <uses-permission android:name="com.example.ble_mesh.DYNAMIC_RECEIVER_NOT_EXPORTED_PERMISSION" />
26-->[androidx.core:core:1.13.1] AndroidManifest.xml:26:5-97
26-->[androidx.core:core:1.13.1] AndroidManifest.xml:26:22-94
27
28    <application
29        android:name="android.app.Application"
30        android:appComponentFactory="androidx.core.app.CoreComponentFactory"
30-->[androidx.core:core:1.13.1] AndroidManifest.xml:28:18-86
31        android:debuggable="true"
32        android:extractNativeLibs="true"
33        android:icon="@mipmap/ic_launcher"
34        android:label="ble_mesh" >
35        <activity
36            android:name="com.example.ble_mesh.MainActivity"
37            android:configChanges="orientation|keyboardHidden|keyboard|screenSize|smallestScreenSize|locale|layoutDirection|fontScale|screenLayout|density|uiMode"
38            android:exported="true"
39            android:hardwareAccelerated="true"
40            android:launchMode="singleTop"
41            android:theme="@style/LaunchTheme"
42            android:windowSoftInputMode="adjustResize" >
43
44            <!--
45                 Specifies an Android theme to apply to this Activity as soon as
46                 the Android process has started. This theme is visible to the user
47                 while the Flutter UI initializes. After that, this theme continues
48                 to determine the Window background behind the Flutter UI.
49            -->
50            <meta-data
51                android:name="io.flutter.embedding.android.NormalTheme"
52                android:resource="@style/NormalTheme" />
53
54            <intent-filter>
55                <action android:name="android.intent.action.MAIN" />
56
57                <category android:name="android.intent.category.LAUNCHER" />
58            </intent-filter>
59        </activity>
60        <!--
61             Don't delete the meta-data below.
62             This is used by the Flutter tool to generate GeneratedPluginRegistrant.java
63        -->
64        <meta-data
65            android:name="flutterEmbedding"
66            android:value="2" />
67
68        <service
68-->[:firebase_auth] AndroidManifest.xml:8:9-12:19
69            android:name="com.google.firebase.components.ComponentDiscoveryService"
69-->[:firebase_auth] AndroidManifest.xml:8:18-89
70            android:directBootAware="true"
70-->[com.google.firebase:firebase-common:20.4.2] AndroidManifest.xml:32:13-43
71            android:exported="false" >
71-->[com.google.firebase:firebase-auth:22.3.0] AndroidManifest.xml:68:13-37
72            <meta-data
72-->[:firebase_auth] AndroidManifest.xml:9:13-11:85
73                android:name="com.google.firebase.components:io.flutter.plugins.firebase.auth.FlutterFirebaseAuthRegistrar"
73-->[:firebase_auth] AndroidManifest.xml:10:17-124
74                android:value="com.google.firebase.components.ComponentRegistrar" />
74-->[:firebase_auth] AndroidManifest.xml:11:17-82
75            <meta-data
75-->[:firebase_database] AndroidManifest.xml:9:13-11:85
76                android:name="com.google.firebase.components:io.flutter.plugins.firebase.database.FlutterFirebaseAppRegistrar"
76-->[:firebase_database] AndroidManifest.xml:10:17-127
77                android:value="com.google.firebase.components.ComponentRegistrar" />
77-->[:firebase_database] AndroidManifest.xml:11:17-82
78            <meta-data
78-->[:firebase_core] AndroidManifest.xml:9:13-11:85
79                android:name="com.google.firebase.components:io.flutter.plugins.firebase.core.FlutterFirebaseCoreRegistrar"
79-->[:firebase_core] AndroidManifest.xml:10:17-124
80                android:value="com.google.firebase.components.ComponentRegistrar" />
80-->[:firebase_core] AndroidManifest.xml:11:17-82
81            <meta-data
81-->[com.google.firebase:firebase-auth:22.3.0] AndroidManifest.xml:69:13-71:85
82                android:name="com.google.firebase.components:com.google.firebase.auth.FirebaseAuthRegistrar"
82-->[com.google.firebase:firebase-auth:22.3.0] AndroidManifest.xml:70:17-109
83                android:value="com.google.firebase.components.ComponentRegistrar" />
83-->[com.google.firebase:firebase-auth:22.3.0] AndroidManifest.xml:71:17-82
84            <meta-data
84-->[com.google.firebase:firebase-database:20.3.0] AndroidManifest.xml:29:13-31:85
85                android:name="com.google.firebase.components:com.google.firebase.database.FirebaseDatabaseKtxRegistrar"
85-->[com.google.firebase:firebase-database:20.3.0] AndroidManifest.xml:30:17-120
86                android:value="com.google.firebase.components.ComponentRegistrar" />
86-->[com.google.firebase:firebase-database:20.3.0] AndroidManifest.xml:31:17-82
87            <meta-data
87-->[com.google.firebase:firebase-database:20.3.0] AndroidManifest.xml:32:13-34:85
88                android:name="com.google.firebase.components:com.google.firebase.database.DatabaseRegistrar"
88-->[com.google.firebase:firebase-database:20.3.0] AndroidManifest.xml:33:17-109
89                android:value="com.google.firebase.components.ComponentRegistrar" />
89-->[com.google.firebase:firebase-database:20.3.0] AndroidManifest.xml:34:17-82
90            <meta-data
90-->[com.google.firebase:firebase-common-ktx:20.4.2] AndroidManifest.xml:12:13-14:85
91                android:name="com.google.firebase.components:com.google.firebase.ktx.FirebaseCommonLegacyRegistrar"
91-->[com.google.firebase:firebase-common-ktx:20.4.2] AndroidManifest.xml:13:17-116
92                android:value="com.google.firebase.components.ComponentRegistrar" />
92-->[com.google.firebase:firebase-common-ktx:20.4.2] AndroidManifest.xml:14:17-82
93            <meta-data
93-->[com.google.firebase:firebase-common:20.4.2] AndroidManifest.xml:35:13-37:85
94                android:name="com.google.firebase.components:com.google.firebase.FirebaseCommonKtxRegistrar"
94-->[com.google.firebase:firebase-common:20.4.2] AndroidManifest.xml:36:17-109
95                android:value="com.google.firebase.components.ComponentRegistrar" />
95-->[com.google.firebase:firebase-common:20.4.2] AndroidManifest.xml:37:17-82
96        </service>
97
98        <activity
98-->[com.google.firebase:firebase-auth:22.3.0] AndroidManifest.xml:29:9-46:20
99            android:name="com.google.firebase.auth.internal.GenericIdpActivity"
99-->[com.google.firebase:firebase-auth:22.3.0] AndroidManifest.xml:30:13-80
100            android:excludeFromRecents="true"
100-->[com.google.firebase:firebase-auth:22.3.0] AndroidManifest.xml:31:13-46
101            android:exported="true"
101-->[com.google.firebase:firebase-auth:22.3.0] AndroidManifest.xml:32:13-36
102            android:launchMode="singleTask"
102-->[com.google.firebase:firebase-auth:22.3.0] AndroidManifest.xml:33:13-44
103            android:theme="@android:style/Theme.Translucent.NoTitleBar" >
103-->[com.google.firebase:firebase-auth:22.3.0] AndroidManifest.xml:34:13-72
104            <intent-filter>
104-->[com.google.firebase:firebase-auth:22.3.0] AndroidManifest.xml:35:13-45:29
105                <action android:name="android.intent.action.VIEW" />
105-->[com.google.firebase:firebase-auth:22.3.0] AndroidManifest.xml:36:17-69
105-->[com.google.firebase:firebase-auth:22.3.0] AndroidManifest.xml:36:25-66
106
107                <category android:name="android.intent.category.DEFAULT" />
107-->[com.google.firebase:firebase-auth:22.3.0] AndroidManifest.xml:38:17-76
107-->[com.google.firebase:firebase-auth:22.3.0] AndroidManifest.xml:38:27-73
108                <category android:name="android.intent.category.BROWSABLE" />
108-->[com.google.firebase:firebase-auth:22.3.0] AndroidManifest.xml:39:17-78
108-->[com.google.firebase:firebase-auth:22.3.0] AndroidManifest.xml:39:27-75
109
110                <data
110-->[com.google.firebase:firebase-auth:22.3.0] AndroidManifest.xml:41:17-44:51
111                    android:host="firebase.auth"
111-->[com.google.firebase:firebase-auth:22.3.0] AndroidManifest.xml:42:21-49
112                    android:path="/"
112-->[com.google.firebase:firebase-auth:22.3.0] AndroidManifest.xml:43:21-37
113                    android:scheme="genericidp" />
113-->[com.google.firebase:firebase-auth:22.3.0] AndroidManifest.xml:44:21-48
114            </intent-filter>
115        </activity>
116        <activity
116-->[com.google.firebase:firebase-auth:22.3.0] AndroidManifest.xml:47:9-64:20
117            android:name="com.google.firebase.auth.internal.RecaptchaActivity"
117-->[com.google.firebase:firebase-auth:22.3.0] AndroidManifest.xml:48:13-79
118            android:excludeFromRecents="true"
118-->[com.google.firebase:firebase-auth:22.3.0] AndroidManifest.xml:49:13-46
119            android:exported="true"
119-->[com.google.firebase:firebase-auth:22.3.0] AndroidManifest.xml:50:13-36
120            android:launchMode="singleTask"
120-->[com.google.firebase:firebase-auth:22.3.0] AndroidManifest.xml:51:13-44
121            android:theme="@android:style/Theme.Translucent.NoTitleBar" >
121-->[com.google.firebase:firebase-auth:22.3.0] AndroidManifest.xml:52:13-72
122            <intent-filter>
122-->[com.google.firebase:firebase-auth:22.3.0] AndroidManifest.xml:53:13-63:29
123                <action android:name="android.intent.action.VIEW" />
123-->[com.google.firebase:firebase-auth:22.3.0] AndroidManifest.xml:36:17-69
123-->[com.google.firebase:firebase-auth:22.3.0] AndroidManifest.xml:36:25-66
124
125                <category android:name="android.intent.category.DEFAULT" />
125-->[com.google.firebase:firebase-auth:22.3.0] AndroidManifest.xml:38:17-76
125-->[com.google.firebase:firebase-auth:22.3.0] AndroidManifest.xml:38:27-73
126                <category android:name="android.intent.category.BROWSABLE" />
126-->[com.google.firebase:firebase-auth:22.3.0] AndroidManifest.xml:39:17-78
126-->[com.google.firebase:firebase-auth:22.3.0] AndroidManifest.xml:39:27-75
127
128                <data
128-->[com.google.firebase:firebase-auth:22.3.0] AndroidManifest.xml:41:17-44:51
129                    android:host="firebase.auth"
129-->[com.google.firebase:firebase-auth:22.3.0] AndroidManifest.xml:42:21-49
130                    android:path="/"
130-->[com.google.firebase:firebase-auth:22.3.0] AndroidManifest.xml:43:21-37
131                    android:scheme="recaptcha" />
131-->[com.google.firebase:firebase-auth:22.3.0] AndroidManifest.xml:44:21-48
132            </intent-filter>
133        </activity>
134
135        <provider
135-->[com.google.firebase:firebase-common:20.4.2] AndroidManifest.xml:23:9-28:39
136            android:name="com.google.firebase.provider.FirebaseInitProvider"
136-->[com.google.firebase:firebase-common:20.4.2] AndroidManifest.xml:24:13-77
137            android:authorities="com.example.ble_mesh.firebaseinitprovider"
137-->[com.google.firebase:firebase-common:20.4.2] AndroidManifest.xml:25:13-72
138            android:directBootAware="true"
138-->[com.google.firebase:firebase-common:20.4.2] AndroidManifest.xml:26:13-43
139            android:exported="false"
139-->[com.google.firebase:firebase-common:20.4.2] AndroidManifest.xml:27:13-37
140            android:initOrder="100" />
140-->[com.google.firebase:firebase-common:20.4.2] AndroidManifest.xml:28:13-36
141
142        <activity
142-->[com.google.android.gms:play-services-base:18.1.0] AndroidManifest.xml:20:9-22:45
143            android:name="com.google.android.gms.common.api.GoogleApiActivity"
143-->[com.google.android.gms:play-services-base:18.1.0] AndroidManifest.xml:20:19-85
144            android:exported="false"
144-->[com.google.android.gms:play-services-base:18.1.0] AndroidManifest.xml:22:19-43
145            android:theme="@android:style/Theme.Translucent.NoTitleBar" />
145-->[com.google.android.gms:play-services-base:18.1.0] AndroidManifest.xml:21:19-78
146
147        <uses-library
147-->[androidx.window:window:1.2.0] AndroidManifest.xml:23:9-25:40
148            android:name="androidx.window.extensions"
148-->[androidx.window:window:1.2.0] AndroidManifest.xml:24:13-54
149            android:required="false" />
149-->[androidx.window:window:1.2.0] AndroidManifest.xml:25:13-37
150        <uses-library
150-->[androidx.window:window:1.2.0] AndroidManifest.xml:26:9-28:40
151            android:name="androidx.window.sidecar"
151-->[androidx.window:window:1.2.0] AndroidManifest.xml:27:13-51
152            android:required="false" />
152-->[androidx.window:window:1.2.0] AndroidManifest.xml:28:13-37
153
154        <meta-data
154-->[com.google.android.gms:play-services-basement:18.1.0] AndroidManifest.xml:21:9-23:69
155            android:name="com.google.android.gms.version"
155-->[com.google.android.gms:play-services-basement:18.1.0] AndroidManifest.xml:22:13-58
156            android:value="@integer/google_play_services_version" />
156-->[com.google.android.gms:play-services-basement:18.1.0] AndroidManifest.xml:23:13-66
157
158        <provider
158-->[androidx.lifecycle:lifecycle-process:2.7.0] AndroidManifest.xml:24:9-32:20
159            android:name="androidx.startup.InitializationProvider"
159-->[androidx.lifecycle:lifecycle-process:2.7.0] AndroidManifest.xml:25:13-67
160            android:authorities="com.example.ble_mesh.androidx-startup"
160-->[androidx.lifecycle:lifecycle-process:2.7.0] AndroidManifest.xml:26:13-68
161            android:exported="false" >
161-->[androidx.lifecycle:lifecycle-process:2.7.0] AndroidManifest.xml:27:13-37
162            <meta-data
162-->[androidx.lifecycle:lifecycle-process:2.7.0] AndroidManifest.xml:29:13-31:52
163                android:name="androidx.lifecycle.ProcessLifecycleInitializer"
163-->[androidx.lifecycle:lifecycle-process:2.7.0] AndroidManifest.xml:30:17-78
164                android:value="androidx.startup" />
164-->[androidx.lifecycle:lifecycle-process:2.7.0] AndroidManifest.xml:31:17-49
165            <meta-data
165-->[androidx.profileinstaller:profileinstaller:1.3.1] AndroidManifest.xml:29:13-31:52
166                android:name="androidx.profileinstaller.ProfileInstallerInitializer"
166-->[androidx.profileinstaller:profileinstaller:1.3.1] AndroidManifest.xml:30:17-85
167                android:value="androidx.startup" />
167-->[androidx.profileinstaller:profileinstaller:1.3.1] AndroidManifest.xml:31:17-49
168        </provider>
169
170        <receiver
170-->[androidx.profileinstaller:profileinstaller:1.3.1] AndroidManifest.xml:34:9-52:20
171            android:name="androidx.profileinstaller.ProfileInstallReceiver"
171-->[androidx.profileinstaller:profileinstaller:1.3.1] AndroidManifest.xml:35:13-76
172            android:directBootAware="false"
172-->[androidx.profileinstaller:profileinstaller:1.3.1] AndroidManifest.xml:36:13-44
173            android:enabled="true"
173-->[androidx.profileinstaller:profileinstaller:1.3.1] AndroidManifest.xml:37:13-35
174            android:exported="true"
174-->[androidx.profileinstaller:profileinstaller:1.3.1] AndroidManifest.xml:38:13-36
175            android:permission="android.permission.DUMP" >
175-->[androidx.profileinstaller:profileinstaller:1.3.1] AndroidManifest.xml:39:13-57
176            <intent-filter>
176-->[androidx.profileinstaller:profileinstaller:1.3.1] AndroidManifest.xml:40:13-42:29
177                <action android:name="androidx.profileinstaller.action.INSTALL_PROFILE" />
177-->[androidx.profileinstaller:profileinstaller:1.3.1] AndroidManifest.xml:41:17-91
177-->[androidx.profileinstaller:profileinstaller:1.3.1] AndroidManifest.xml:41:25-88
178            </intent-filter>
179            <intent-filter>
179-->[androidx.profileinstaller:profileinstaller:1.3.1] AndroidManifest.xml:43:13-45:29
180                <action android:name="androidx.profileinstaller.action.SKIP_FILE" />
180-->[androidx.profileinstaller:profileinstaller:1.3.1] AndroidManifest.xml:44:17-85
180-->[androidx.profileinstaller:profileinstaller:1.3.1] AndroidManifest.xml:44:25-82
181            </intent-filter>
182            <intent-filter>
182-->[androidx.profileinstaller:profileinstaller:1.3.1] AndroidManifest.xml:46:13-48:29
183                <action android:name="androidx.profileinstaller.action.SAVE_PROFILE" />
183-->[androidx.profileinstaller:profileinstaller:1.3.1] AndroidManifest.xml:47:17-88
183-->[androidx.profileinstaller:profileinstaller:1.3.1] AndroidManifest.xml:47:25-85
184            </intent-filter>
185            <intent-filter>
185-->[androidx.profileinstaller:profileinstaller:1.3.1] AndroidManifest.xml:49:13-51:29
186                <action android:name="androidx.profileinstaller.action.BENCHMARK_OPERATION" />
186-->[androidx.profileinstaller:profileinstaller:1.3.1] AndroidManifest.xml:50:17-95
186-->[androidx.profileinstaller:profileinstaller:1.3.1] AndroidManifest.xml:50:25-92
187            </intent-filter>
188        </receiver>
189    </application>
190
191</manifest>